<?xml version="1.0" encoding="UTF-8"?>
<!-- Generated by org.testng.reporters.JUnitXMLReporter -->
<testsuite hostname="INHYNBCG-232" ignored="2" name="Test" tests="2" failures="1" timestamp="03 Aug 2022 09:19:59 GMT" time="93.698" errors="0">
  <testcase name="loginTestDDT" time="1.505" classname="vertex.CD.testcases.LoginPageTest">
    <failure type="java.lang.AssertionError" message="expected [false] but found [true]">
      <![CDATA[java.lang.AssertionError: expected [false] but found [true]
at vertex.CD.testcases.LoginPageTest.loginTestDDT(LoginPageTest.java:97)
... Removed 29 stack frames]]>
    </failure>
  </testcase> <!-- loginTestDDT -->
  <testcase name="loginTestDDT" time="43.735" classname="vertex.CD.testcases.LoginPageTest"/>
  <testcase name="loginTest" time="0.0" classname="vertex.CD.testcases.LoginPageTest">
    <ignored/>
  </testcase> <!-- loginTest -->
  <testcase name="loginPageTitleTest" time="0.0" classname="vertex.CD.testcases.LoginPageTest">
    <ignored/>
  </testcase> <!-- loginPageTitleTest -->
</testsuite> <!-- Test -->
